3/5/2016 8:34:54 PM	This log contains information about the import schema operation into project 'HealthGuildDB' on computer 'DEVELOPERGUILD' by user 'Erik'.
3/5/2016 8:34:54 PM	Import of database schema has started.
3/5/2016 8:35:03 PM	Gathering database options
3/5/2016 8:35:03 PM	Gathering users
3/5/2016 8:35:03 PM	Gathering roles
3/5/2016 8:35:03 PM	Gathering application roles
3/5/2016 8:35:03 PM	Gathering role memberships
3/5/2016 8:35:03 PM	Gathering filegroups
3/5/2016 8:35:03 PM	Gathering full-text catalogs
3/5/2016 8:35:03 PM	Gathering assemblies
3/5/2016 8:35:03 PM	Gathering certificates
3/5/2016 8:35:03 PM	Gathering asymmetric keys
3/5/2016 8:35:03 PM	Gathering symmetric keys
3/5/2016 8:35:03 PM	Gathering encrypted symmetric keys
3/5/2016 8:35:03 PM	Gathering schemas
3/5/2016 8:35:03 PM	Gathering XML schema collections
3/5/2016 8:35:03 PM	Gathering user-defined data types
3/5/2016 8:35:03 PM	Gathering user-defined types
3/5/2016 8:35:03 PM	Gathering table types
3/5/2016 8:35:03 PM	Gathering unique keys for table types
3/5/2016 8:35:03 PM	Gathering primary keys for table types
3/5/2016 8:35:03 PM	Gathering check constraints for table types
3/5/2016 8:35:03 PM	Gathering default constraints for table types
3/5/2016 8:35:03 PM	Gathering partition functions
3/5/2016 8:35:03 PM	Gathering partition schemes
3/5/2016 8:35:03 PM	Gathering functions
3/5/2016 8:35:03 PM	Gathering encrypted functions
3/5/2016 8:35:03 PM	Gathering aggregates
3/5/2016 8:35:03 PM	Gathering procedures
3/5/2016 8:35:03 PM	Gathering encrypted procedures
3/5/2016 8:35:03 PM	Gathering tables
3/5/2016 8:35:03 PM	Gathering primary keys
3/5/2016 8:35:03 PM	Gathering unique constraints
3/5/2016 8:35:03 PM	Gathering foreign keys
3/5/2016 8:35:03 PM	Gathering default constraints
3/5/2016 8:35:03 PM	Gathering check constraints
3/5/2016 8:35:03 PM	Gathering views
3/5/2016 8:35:03 PM	Gathering encrypted views
3/5/2016 8:35:03 PM	Gathering indexes
3/5/2016 8:35:03 PM	Gathering statistics
3/5/2016 8:35:03 PM	Gathering full-text index stoplists
3/5/2016 8:35:03 PM	Gathering search property lists
3/5/2016 8:35:03 PM	Gathering search properties
3/5/2016 8:35:03 PM	Gathering full-text indexes
3/5/2016 8:35:03 PM	Gathering column store indexes
3/5/2016 8:35:03 PM	Gathering spatial indexes
3/5/2016 8:35:03 PM	Gathering XML indexes
3/5/2016 8:35:03 PM	Gathering Selective XML indexes
3/5/2016 8:35:03 PM	Gathering encrypted triggers
3/5/2016 8:35:03 PM	Gathering triggers
3/5/2016 8:35:03 PM	Gathering encrypted and clr ddl triggers
3/5/2016 8:35:03 PM	Gathering ddl triggers
3/5/2016 8:35:03 PM	Gathering synonyms
3/5/2016 8:35:03 PM	Gathering defaults
3/5/2016 8:35:03 PM	Gathering data constraint uddt bindings
3/5/2016 8:35:03 PM	Gathering rules
3/5/2016 8:35:03 PM	Gathering data constraint uddt bindings
3/5/2016 8:35:03 PM	Gathering message types
3/5/2016 8:35:03 PM	Gathering queues
3/5/2016 8:35:03 PM	Gathering contracts
3/5/2016 8:35:03 PM	Gathering services
3/5/2016 8:35:03 PM	Gathering event notifications
3/5/2016 8:35:03 PM	Gathering remote service bindings
3/5/2016 8:35:03 PM	Gathering broker priorities
3/5/2016 8:35:03 PM	Gathering signatures
3/5/2016 8:35:03 PM	Gathering data compression options
3/5/2016 8:35:03 PM	Gathering sequence types
3/5/2016 8:35:03 PM	Gathering extended properties
3/5/2016 8:35:03 PM	Gathering credentials
3/5/2016 8:35:03 PM	Gathering logins
3/5/2016 8:35:03 PM	Gathering server audits
3/5/2016 8:35:03 PM	Finished importing database.
3/5/2016 8:35:03 PM	A summary of the import was saved to the following location: C:\Users\Erik\Documents\GitHub\HealthGuild\HealthGuild\HealthGuildDB\Import Schema Logs\HealthGuildDB_20160306013454.log
3/5/2016 8:35:03 PM	Click Finish to continue...
